<?xml version="1.0" encoding="UTF-8"?>
<!-- Generated by org.testng.reporters.JUnitReportReporter -->
<testsuite hostname="LAPTOP-SGCHBQ7S" failures="1" tests="2" name="testRunners.TestRunner" time="22.056" errors="0" timestamp="2026-05-09T00:32:37 IST" skipped="0">
  <testcase classname="testRunners.TestRunner" name="runScenario" time="8.673"/>
  <testcase classname="testRunners.TestRunner" name="runScenario" time="13.383">
    <failure message="expected [Create a new event] but found []" type="java.lang.AssertionError">
      <![CDATA[java.lang.AssertionError: expected [Create a new event] but found []
at org.testng.Assert.fail(Assert.java:111)
at org.testng.Assert.failNotEquals(Assert.java:1590)
at org.testng.Assert.assertEqualsImpl(Assert.java:150)
at org.testng.Assert.assertEquals(Assert.java:132)
at org.testng.Assert.assertEquals(Assert.java:656)
at org.testng.Assert.assertEquals(Assert.java:666)
at stepDefinitions.HomePageSteps.option_title_should_be(HomePageSteps.java:48)
at ✽.option title should be "Create a new event"(file:///C:/projects/OpencartV1.1.2/pretix_v1/src/test/resources/com/AppFeatures/HomePage.feature:10)
]]>
    </failure>
  </testcase> <!-- runScenario -->
</testsuite> <!-- testRunners.TestRunner -->
